<?xml version="1.0" encoding="UTF-8"?>
<beans xmlns="http://www.springframework.org/schema/beans"
	xmlns:xsi="http://www.w3.org/2001/XMLSchema-instance" xmlns:context="http://www.springframework.org/schema/context"
	xmlns:beans="http://www.springframework.org/schema/beans"
	xsi:schemaLocation="http://www.springframework.org/schema/context http://www.springframework.org/schema/context/spring-context-4.1.xsd
        http://www.springframework.org/schema/beans http://www.springframework.org/schema/beans/spring-beans-4.1.xsd">


	<!-- 读取配置 -->
	<bean class="com.gxws.tool.link.properties.spring.LinkPropertiesBean">
		<property name="constantClassnames">
			<list>
				<value>com.gxws.tool.link.properties.constant.LinkPropertiesConstant</value>
			</list>
		</property>
	</bean>

</beans>